<?xml version="1.0" encoding="UTF-8"?>
<!-- Generated by org.testng.reporters.JUnitReportReporter -->
<testsuite hostname="Mahak" failures="0" tests="1" name="com.orangehrmlive.demo.testsuite.UsersTest" time="23.646" errors="0" timestamp="2023-12-12T16:10:44 GMT" skipped="0">
  <testcase classname="com.orangehrmlive.demo.testsuite.UsersTest" name="verifyThatAdminShouldDeleteTheUserSuccessFully" time="23.646"/>
</testsuite> <!-- com.orangehrmlive.demo.testsuite.UsersTest -->
